2026-07-19T05:06:58+02:00
You have received a new contact form submission from katungganCoveResort website.

Name: test
Email: shenahpetalgo@gmail.com
Phone: 0922
Subject: testing

Message:
testtrial

---
Sent from: 192.168.0.108

2026-07-19T05:07:09+02:00
You have received a new contact form submission from katungganCoveResort website.

Name: test
Email: shenahpetalgo@gmail.com
Phone: 0922
Subject: testing

Message:
testtrial only

---
Sent from: 192.168.0.108

2026-07-19T05:09:08+02:00
You have received a new contact form submission from katungganCoveResort website.

Name: test
Email: shenahpetalgo@gmail.com
Phone: 0922
Subject: testing

Message:
testtrial only

---
Sent from: 192.168.0.108

2026-07-19T05:09:11+02:00
You have received a new contact form submission from katungganCoveResort website.

Name: test
Email: shenahpetalgo@gmail.com
Phone: 0922
Subject: testing

Message:
testtrial only

---
Sent from: 192.168.0.108

2026-07-19T05:10:30+02:00
You have received a new contact form submission from katungganCoveResort website.

Name: chuch
Email: shenahpetalgo@gmail.com
Phone: 0904343434
Subject: testing

Message:
hello

---
Sent from: 192.168.0.108

2026-07-19T05:17:06+02:00
--- PYTHON SMTP FAILED ---
ERROR: (535, b'5.7.8 Username and Password not accepted. For more information, go to\n5.7.8  https://support.google.com/mail/?p=BadCredentials d9443c01a7336-2cf347a6308sm34732805ad.82 - gsmtp')


2026-07-19T05:17:08+02:00
You have received a new contact form submission from katungganCoveResort website.

Name: test
Email: shenahpetalgo@gmail.com
Phone: (not provided)
Subject: testing

Message:
trial09

---
Sent from: 192.168.0.108

2026-07-19T06:37:52+02:00
--- PYTHON SMTP FAILED ---
ERROR: (535, b'5.7.8 Username and Password not accepted. For more information, go to\n5.7.8  https://support.google.com/mail/?p=BadCredentials 98e67ed59e1d1-38e3a0d82d1sm5427325a91.10 - gsmtp')


2026-07-19T06:37:54+02:00
You have received a new contact form submission from katungganCoveResort website.

Name: Shenah Gayonoche
Email: shenahpetalgo@gmail.com
Phone: 09703681356
Inquiry Type: Restaurant Reservation

Message:
Hellooooooo

---
Sent from: 192.168.0.108

2026-07-19T06:38:58+02:00
--- PYTHON SMTP FAILED ---
ERROR: (535, b'5.7.8 Username and Password not accepted. For more information, go to\n5.7.8  https://support.google.com/mail/?p=BadCredentials d2e1a72fcca58-84c2f1601d6sm3503292b3a.50 - gsmtp')


2026-07-19T06:39:00+02:00
You have received a new contact form submission from katungganCoveResort website.

Name: Shenah Gayonoche
Email: shenah.gayonoche0403@gmail.com
Phone: dsdsd
Inquiry Type: Booking Inquiry

Message:
hsakajkakdjkad

---
Sent from: 192.168.0.108

2026-07-19T06:41:34+02:00
--- PYTHON SMTP FAILED ---
ERROR: (535, b'5.7.8 Username and Password not accepted. For more information, go to\n5.7.8  https://support.google.com/mail/?p=BadCredentials d2e1a72fcca58-84c2af9f00bsm3711513b3a.56 - gsmtp')


2026-07-19T06:41:36+02:00
You have received a new contact form submission from katungganCoveResort website.

Name: Shenah Gayonoche
Email: shenah.gayonoche0403@gmail.com
Phone: 09090909
Inquiry Type: Booking Inquiry

Message:
Hellloooooo

---
Sent from: 192.168.0.108

